# JRE version: OpenJDK Runtime Environment (8.0_152-b15) (build 1.8.0_152-release-1343-b15)
# Java VM: OpenJDK 64-Bit Server VM (25.152-b15 mixed mode linux-amd64 compressed oops)
Heap:
 par new generation   total 39296K, used 14611K [0x00000000d1200000, 0x00000000d3ca0000, 0x00000000db860000)
  eden space 34944K,  41% used [0x00000000d1200000, 0x00000000d2030678, 0x00000000d3420000)
  from space 4352K,   1% used [0x00000000d3860000, 0x00000000d3874790, 0x00000000d3ca0000)
  to   space 4352K,   0% used [0x00000000d3420000, 0x00000000d3420000, 0x00000000d3860000)
 concurrent mark-sweep generation total 198196K, used 123387K [0x00000000db860000, 0x00000000e79ed000, 0x0000000100000000)
 Metaspace       used 229182K, capacity 243464K, committed 243636K, reserved 1261568K
  class space    used 29446K, capacity 31931K, committed 31948K, reserved 1048576K
GC Heap History (10 events):
Event: 33812.336 GC heap before
{Heap before GC invocations=286 (full 12):
 par new generation   total 39296K, used 35021K [0x00000000d1200000, 0x00000000d3ca0000, 0x00000000db860000)
  eden space 34944K, 100% used [0x00000000d1200000, 0x00000000d3420000, 0x00000000d3420000)
  from space 4352K,   1% used [0x00000000d3420000, 0x00000000d34337a0, 0x00000000d3860000)
  to   space 4352K,   0% used [0x00000000d3860000, 0x00000000d3860000, 0x00000000d3ca0000)
 concurrent mark-sweep generation total 198196K, used 123385K [0x00000000db860000, 0x00000000e79ed000, 0x0000000100000000)
 Metaspace       used 229088K, capacity 243310K, committed 243380K, reserved 1261568K
  class space    used 29426K, capacity 31926K, committed 31948K, reserved 1048576K
Event: 33812.341 GC heap after
Heap after GC invocations=287 (full 12):
 par new generation   total 39296K, used 83K [0x00000000d1200000, 0x00000000d3ca0000, 0x00000000db860000)
  eden space 34944K,   0% used [0x00000000d1200000, 0x00000000d1200000, 0x00000000d3420000)
  from space 4352K,   1% used [0x00000000d3860000, 0x00000000d3874f70, 0x00000000d3ca0000)
  to   space 4352K,   0% used [0x00000000d3420000, 0x00000000d3420000, 0x00000000d3860000)
 concurrent mark-sweep generation total 198196K, used 123385K [0x00000000db860000, 0x00000000e79ed000, 0x0000000100000000)
 Metaspace       used 229088K, capacity 243310K, committed 243380K, reserved 1261568K
  class space    used 29426K, capacity 31926K, committed 31948K, reserved 1048576K
}
Event: 34127.555 GC heap before
{Heap before GC invocations=287 (full 12):
 par new generation   total 39296K, used 35027K [0x00000000d1200000, 0x00000000d3ca0000, 0x00000000db860000)
  eden space 34944K, 100% used [0x00000000d1200000, 0x00000000d3420000, 0x00000000d3420000)
  from space 4352K,   1% used [0x00000000d3860000, 0x00000000d3874f70, 0x00000000d3ca0000)
  to   space 4352K,   0% used [0x00000000d3420000, 0x00000000d3420000, 0x00000000d3860000)
 concurrent mark-sweep generation total 198196K, used 123385K [0x00000000db860000, 0x00000000e79ed000, 0x0000000100000000)
 Metaspace       used 229088K, capacity 243310K, committed 243380K, reserved 1261568K
  class space    used 29426K, capacity 31926K, committed 31948K, reserved 1048576K
Event: 34127.559 GC heap after
Heap after GC invocations=288 (full 12):
 par new generation   total 39296K, used 77K [0x00000000d1200000, 0x00000000d3ca0000, 0x00000000db860000)
  eden space 34944K,   0% used [0x00000000d1200000, 0x00000000d1200000, 0x00000000d3420000)
  from space 4352K,   1% used [0x00000000d3420000, 0x00000000d3433720, 0x00000000d3860000)
  to   space 4352K,   0% used [0x00000000d3860000, 0x00000000d3860000, 0x00000000d3ca0000)
 concurrent mark-sweep generation total 198196K, used 123385K [0x00000000db860000, 0x00000000e79ed000, 0x0000000100000000)
 Metaspace       used 229088K, capacity 243310K, committed 243380K, reserved 1261568K
  class space    used 29426K, capacity 31926K, committed 31948K, reserved 1048576K
}
Event: 34442.343 GC heap before
{Heap before GC invocations=288 (full 12):
 par new generation   total 39296K, used 35021K [0x00000000d1200000, 0x00000000d3ca0000, 0x00000000db860000)
  eden space 34944K, 100% used [0x00000000d1200000, 0x00000000d3420000, 0x00000000d3420000)
  from space 4352K,   1% used [0x00000000d3420000, 0x00000000d3433720, 0x00000000d3860000)
  to   space 4352K,   0% used [0x00000000d3860000, 0x00000000d3860000, 0x00000000d3ca0000)
 concurrent mark-sweep generation total 198196K, used 123385K [0x00000000db860000, 0x00000000e79ed000, 0x0000000100000000)
 Metaspace       used 229089K, capacity 243310K, committed 243380K, reserved 1261568K
  class space    used 29426K, capacity 31926K, committed 31948K, reserved 1048576K
Event: 34442.348 GC heap after
Heap after GC invocations=289 (full 12):
 par new generation   total 39296K, used 77K [0x00000000d1200000, 0x00000000d3ca0000, 0x00000000db860000)
  eden space 34944K,   0% used [0x00000000d1200000, 0x00000000d1200000, 0x00000000d3420000)
  from space 4352K,   1% used [0x00000000d3860000, 0x00000000d3873620, 0x00000000d3ca0000)
  to   space 4352K,   0% used [0x00000000d3420000, 0x00000000d3420000, 0x00000000d3860000)
 concurrent mark-sweep generation total 198196K, used 123386K [0x00000000db860000, 0x00000000e79ed000, 0x0000000100000000)
 Metaspace       used 229089K, capacity 243310K, committed 243380K, reserved 1261568K
  class space    used 29426K, capacity 31926K, committed 31948K, reserved 1048576K
}
Event: 34761.794 GC heap before
{Heap before GC invocations=289 (full 12):
 par new generation   total 39296K, used 35021K [0x00000000d1200000, 0x00000000d3ca0000, 0x00000000db860000)
  eden space 34944K, 100% used [0x00000000d1200000, 0x00000000d3420000, 0x00000000d3420000)
  from space 4352K,   1% used [0x00000000d3860000, 0x00000000d3873620, 0x00000000d3ca0000)
  to   space 4352K,   0% used [0x00000000d3420000, 0x00000000d3420000, 0x00000000d3860000)
 concurrent mark-sweep generation total 198196K, used 123386K [0x00000000db860000, 0x00000000e79ed000, 0x0000000100000000)
 Metaspace       used 229089K, capacity 243310K, committed 243380K, reserved 1261568K
  class space    used 29426K, capacity 31926K, committed 31948K, reserved 1048576K
Event: 34761.798 GC heap after
Heap after GC invocations=290 (full 12):
 par new generation   total 39296K, used 77K [0x00000000d1200000, 0x00000000d3ca0000, 0x00000000db860000)
  eden space 34944K,   0% used [0x00000000d1200000, 0x00000000d1200000, 0x00000000d3420000)
  from space 4352K,   1% used [0x00000000d3420000, 0x00000000d3433440, 0x00000000d3860000)
  to   space 4352K,   0% used [0x00000000d3860000, 0x00000000d3860000, 0x00000000d3ca0000)
 concurrent mark-sweep generation total 198196K, used 123387K [0x00000000db860000, 0x00000000e79ed000, 0x0000000100000000)
 Metaspace       used 229089K, capacity 243310K, committed 243380K, reserved 1261568K
  class space    used 29426K, capacity 31926K, committed 31948K, reserved 1048576K
}
Event: 35075.248 GC heap before
{Heap before GC invocations=290 (full 12):
 par new generation   total 39296K, used 35021K [0x00000000d1200000, 0x00000000d3ca0000, 0x00000000db860000)
  eden space 34944K, 100% used [0x00000000d1200000, 0x00000000d3420000, 0x00000000d3420000)
  from space 4352K,   1% used [0x00000000d3420000, 0x00000000d3433440, 0x00000000d3860000)
  to   space 4352K,   0% used [0x00000000d3860000, 0x00000000d3860000, 0x00000000d3ca0000)
 concurrent mark-sweep generation total 198196K, used 123387K [0x00000000db860000, 0x00000000e79ed000, 0x0000000100000000)
 Metaspace       used 229089K, capacity 243310K, committed 243380K, reserved 1261568K
  class space    used 29426K, capacity 31926K, committed 31948K, reserved 1048576K
Event: 35075.252 GC heap after
Heap after GC invocations=291 (full 12):
 par new generation   total 39296K, used 81K [0x00000000d1200000, 0x00000000d3ca0000, 0x00000000db860000)
  eden space 34944K,   0% used [0x00000000d1200000, 0x00000000d1200000, 0x00000000d3420000)
  from space 4352K,   1% used [0x00000000d3860000, 0x00000000d3874790, 0x00000000d3ca0000)
  to   space 4352K,   0% used [0x00000000d3420000, 0x00000000d3420000, 0x00000000d3860000)
 concurrent mark-sweep generation total 198196K, used 123387K [0x00000000db860000, 0x00000000e79ed000, 0x0000000100000000)
 Metaspace       used 229089K, capacity 243310K, committed 243380K, reserved 1261568K
  class space    used 29426K, capacity 31926K, committed 31948K, reserved 1048576K
}

