# JRE version: OpenJDK Runtime Environment (8.0_152-b15) (build 1.8.0_152-release-1343-b15)
# Java VM: OpenJDK 64-Bit Server VM (25.152-b15 mixed mode linux-amd64 compressed oops)
Heap:
 par new generation   total 39296K, used 3916K [0x00000000d1200000, 0x00000000d3ca0000, 0x00000000db860000)
  eden space 34944K,  10% used [0x00000000d1200000, 0x00000000d156e2f0, 0x00000000d3420000)
  from space 4352K,   9% used [0x00000000d3420000, 0x00000000d3484e78, 0x00000000d3860000)
  to   space 4352K,   0% used [0x00000000d3860000, 0x00000000d3860000, 0x00000000d3ca0000)
 concurrent mark-sweep generation total 154416K, used 133655K [0x00000000db860000, 0x00000000e4f2c000, 0x0000000100000000)
 Metaspace       used 222687K, capacity 236547K, committed 236648K, reserved 1255424K
  class space    used 28743K, capacity 31227K, committed 31240K, reserved 1048576K
GC Heap History (10 events):
Event: 13800.485 GC heap before
{Heap before GC invocations=141 (full 7):
 par new generation   total 39296K, used 35023K [0x00000000d1200000, 0x00000000d3ca0000, 0x00000000db860000)
  eden space 34944K, 100% used [0x00000000d1200000, 0x00000000d3420000, 0x00000000d3420000)
  from space 4352K,   1% used [0x00000000d3860000, 0x00000000d3873c40, 0x00000000d3ca0000)
  to   space 4352K,   0% used [0x00000000d3420000, 0x00000000d3420000, 0x00000000d3860000)
 concurrent mark-sweep generation total 154416K, used 133653K [0x00000000db860000, 0x00000000e4f2c000, 0x0000000100000000)
 Metaspace       used 222625K, capacity 236471K, committed 236648K, reserved 1255424K
  class space    used 28740K, capacity 31225K, committed 31240K, reserved 1048576K
Event: 13800.493 GC heap after
Heap after GC invocations=142 (full 7):
 par new generation   total 39296K, used 78K [0x00000000d1200000, 0x00000000d3ca0000, 0x00000000db860000)
  eden space 34944K,   0% used [0x00000000d1200000, 0x00000000d1200000, 0x00000000d3420000)
  from space 4352K,   1% used [0x00000000d3420000, 0x00000000d3433890, 0x00000000d3860000)
  to   space 4352K,   0% used [0x00000000d3860000, 0x00000000d3860000, 0x00000000d3ca0000)
 concurrent mark-sweep generation total 154416K, used 133654K [0x00000000db860000, 0x00000000e4f2c000, 0x0000000100000000)
 Metaspace       used 222625K, capacity 236471K, committed 236648K, reserved 1255424K
  class space    used 28740K, capacity 31225K, committed 31240K, reserved 1048576K
}
Event: 14160.241 GC heap before
{Heap before GC invocations=142 (full 7):
 par new generation   total 39296K, used 35022K [0x00000000d1200000, 0x00000000d3ca0000, 0x00000000db860000)
  eden space 34944K, 100% used [0x00000000d1200000, 0x00000000d3420000, 0x00000000d3420000)
  from space 4352K,   1% used [0x00000000d3420000, 0x00000000d3433890, 0x00000000d3860000)
  to   space 4352K,   0% used [0x00000000d3860000, 0x00000000d3860000, 0x00000000d3ca0000)
 concurrent mark-sweep generation total 154416K, used 133654K [0x00000000db860000, 0x00000000e4f2c000, 0x0000000100000000)
 Metaspace       used 222625K, capacity 236471K, committed 236648K, reserved 1255424K
  class space    used 28740K, capacity 31225K, committed 31240K, reserved 1048576K
Event: 14160.247 GC heap after
Heap after GC invocations=143 (full 7):
 par new generation   total 39296K, used 77K [0x00000000d1200000, 0x00000000d3ca0000, 0x00000000db860000)
  eden space 34944K,   0% used [0x00000000d1200000, 0x00000000d1200000, 0x00000000d3420000)
  from space 4352K,   1% used [0x00000000d3860000, 0x00000000d38735d0, 0x00000000d3ca0000)
  to   space 4352K,   0% used [0x00000000d3420000, 0x00000000d3420000, 0x00000000d3860000)
 concurrent mark-sweep generation total 154416K, used 133654K [0x00000000db860000, 0x00000000e4f2c000, 0x0000000100000000)
 Metaspace       used 222625K, capacity 236471K, committed 236648K, reserved 1255424K
  class space    used 28740K, capacity 31225K, committed 31240K, reserved 1048576K
}
Event: 14520.290 GC heap before
{Heap before GC invocations=143 (full 7):
 par new generation   total 39296K, used 35021K [0x00000000d1200000, 0x00000000d3ca0000, 0x00000000db860000)
  eden space 34944K, 100% used [0x00000000d1200000, 0x00000000d3420000, 0x00000000d3420000)
  from space 4352K,   1% used [0x00000000d3860000, 0x00000000d38735d0, 0x00000000d3ca0000)
  to   space 4352K,   0% used [0x00000000d3420000, 0x00000000d3420000, 0x00000000d3860000)
 concurrent mark-sweep generation total 154416K, used 133654K [0x00000000db860000, 0x00000000e4f2c000, 0x0000000100000000)
 Metaspace       used 222629K, capacity 236471K, committed 236648K, reserved 1255424K
  class space    used 28740K, capacity 31225K, committed 31240K, reserved 1048576K
Event: 14520.297 GC heap after
Heap after GC invocations=144 (full 7):
 par new generation   total 39296K, used 83K [0x00000000d1200000, 0x00000000d3ca0000, 0x00000000db860000)
  eden space 34944K,   0% used [0x00000000d1200000, 0x00000000d1200000, 0x00000000d3420000)
  from space 4352K,   1% used [0x00000000d3420000, 0x00000000d3434f88, 0x00000000d3860000)
  to   space 4352K,   0% used [0x00000000d3860000, 0x00000000d3860000, 0x00000000d3ca0000)
 concurrent mark-sweep generation total 154416K, used 133655K [0x00000000db860000, 0x00000000e4f2c000, 0x0000000100000000)
 Metaspace       used 222629K, capacity 236471K, committed 236648K, reserved 1255424K
  class space    used 28740K, capacity 31225K, committed 31240K, reserved 1048576K
}
Event: 14880.700 GC heap before
{Heap before GC invocations=144 (full 7):
 par new generation   total 39296K, used 35027K [0x00000000d1200000, 0x00000000d3ca0000, 0x00000000db860000)
  eden space 34944K, 100% used [0x00000000d1200000, 0x00000000d3420000, 0x00000000d3420000)
  from space 4352K,   1% used [0x00000000d3420000, 0x00000000d3434f88, 0x00000000d3860000)
  to   space 4352K,   0% used [0x00000000d3860000, 0x00000000d3860000, 0x00000000d3ca0000)
 concurrent mark-sweep generation total 154416K, used 133655K [0x00000000db860000, 0x00000000e4f2c000, 0x0000000100000000)
 Metaspace       used 222633K, capacity 236471K, committed 236648K, reserved 1255424K
  class space    used 28740K, capacity 31225K, committed 31240K, reserved 1048576K
Event: 14880.708 GC heap after
Heap after GC invocations=145 (full 7):
 par new generation   total 39296K, used 83K [0x00000000d1200000, 0x00000000d3ca0000, 0x00000000db860000)
  eden space 34944K,   0% used [0x00000000d1200000, 0x00000000d1200000, 0x00000000d3420000)
  from space 4352K,   1% used [0x00000000d3860000, 0x00000000d3874fd0, 0x00000000d3ca0000)
  to   space 4352K,   0% used [0x00000000d3420000, 0x00000000d3420000, 0x00000000d3860000)
 concurrent mark-sweep generation total 154416K, used 133655K [0x00000000db860000, 0x00000000e4f2c000, 0x0000000100000000)
 Metaspace       used 222633K, capacity 236471K, committed 236648K, reserved 1255424K
  class space    used 28740K, capacity 31225K, committed 31240K, reserved 1048576K
}
Event: 15141.934 GC heap before
{Heap before GC invocations=145 (full 7):
 par new generation   total 39296K, used 35027K [0x00000000d1200000, 0x00000000d3ca0000, 0x00000000db860000)
  eden space 34944K, 100% used [0x00000000d1200000, 0x00000000d3420000, 0x00000000d3420000)
  from space 4352K,   1% used [0x00000000d3860000, 0x00000000d3874fd0, 0x00000000d3ca0000)
  to   space 4352K,   0% used [0x00000000d3420000, 0x00000000d3420000, 0x00000000d3860000)
 concurrent mark-sweep generation total 154416K, used 133655K [0x00000000db860000, 0x00000000e4f2c000, 0x0000000100000000)
 Metaspace       used 222676K, capacity 236541K, committed 236648K, reserved 1255424K
  class space    used 28742K, capacity 31226K, committed 31240K, reserved 1048576K
Event: 15141.947 GC heap after
Heap after GC invocations=146 (full 7):
 par new generation   total 39296K, used 403K [0x00000000d1200000, 0x00000000d3ca0000, 0x00000000db860000)
  eden space 34944K,   0% used [0x00000000d1200000, 0x00000000d1200000, 0x00000000d3420000)
  from space 4352K,   9% used [0x00000000d3420000, 0x00000000d3484e78, 0x00000000d3860000)
  to   space 4352K,   0% used [0x00000000d3860000, 0x00000000d3860000, 0x00000000d3ca0000)
 concurrent mark-sweep generation total 154416K, used 133655K [0x00000000db860000, 0x00000000e4f2c000, 0x0000000100000000)
 Metaspace       used 222676K, capacity 236541K, committed 236648K, reserved 1255424K
  class space    used 28742K, capacity 31226K, committed 31240K, reserved 1048576K
}

